0 info it worked if it ends with ok
1 verbose cli [ '/Users/maloriecasimir/.nvm/versions/node/v6.11.2/bin/node',
1 verbose cli   '/Users/maloriecasimir/.nvm/versions/node/v6.11.2/bin/npm',
1 verbose cli   'install' ]
2 info using npm@3.10.10
3 info using node@v6.11.2
4 silly loadCurrentTree Starting
5 silly install loadCurrentTree
6 silly install readLocalPackageData
7 silly install normalizeTree
8 silly loadCurrentTree Finishing
9 silly loadIdealTree Starting
10 silly install loadIdealTree
11 silly cloneCurrentTree Starting
12 silly install cloneCurrentTreeToIdealTree
13 silly cloneCurrentTree Finishing
14 silly loadShrinkwrap Starting
15 silly install loadShrinkwrap
16 silly loadShrinkwrap Finishing
17 silly loadAllDepsIntoIdealTree Starting
18 silly install loadAllDepsIntoIdealTree
19 silly fetchNamedPackageData heatmap
20 silly mapToRegistry name heatmap
21 silly mapToRegistry using default registry
22 silly mapToRegistry registry https://registry.npmjs.org/
23 silly mapToRegistry data Result {
23 silly mapToRegistry   raw: 'heatmap',
23 silly mapToRegistry   scope: null,
23 silly mapToRegistry   escapedName: 'heatmap',
23 silly mapToRegistry   name: 'heatmap',
23 silly mapToRegistry   rawSpec: '',
23 silly mapToRegistry   spec: 'latest',
23 silly mapToRegistry   type: 'tag' }
24 silly mapToRegistry uri https://registry.npmjs.org/heatmap
25 verbose request uri https://registry.npmjs.org/heatmap
26 verbose request no auth needed
27 info attempt registry request try #1 at 6:55:23 PM
28 verbose request id ef2bf8ae07a7d25d
29 http request GET https://registry.npmjs.org/heatmap
30 http 200 https://registry.npmjs.org/heatmap
31 verbose headers { date: 'Sat, 30 Jun 2018 22:55:24 GMT',
31 verbose headers   'content-type': 'application/json; charset=UTF-8',
31 verbose headers   'transfer-encoding': 'chunked',
31 verbose headers   connection: 'keep-alive',
31 verbose headers   'set-cookie': [ '__cfduid=d877c34f1dfae3674388f9c554abd6e151530399323; expires=Sun, 30-Jun-19 22:55:23 GMT; path=/; domain=.registry.npmjs.org; HttpOnly' ],
31 verbose headers   'cache-control': 'max-age=300',
31 verbose headers   'cf-cache-status': 'MISS',
31 verbose headers   'cf-ray': '4334385dfdea926c-EWR',
31 verbose headers   etag: 'W/"c88f5c6a032933923804fa43e5be39dc"',
31 verbose headers   'expect-ct': 'max-age=604800, report-uri="https://report-uri.cloudflare.com/cdn-cgi/beacon/expect-ct"',
31 verbose headers   'last-modified': 'Sun, 27 May 2018 03:38:35 GMT',
31 verbose headers   vary: 'accept-encoding, accept',
31 verbose headers   server: 'cloudflare',
31 verbose headers   'content-encoding': 'gzip' }
32 silly get cb [ 200,
32 silly get   { date: 'Sat, 30 Jun 2018 22:55:24 GMT',
32 silly get     'content-type': 'application/json; charset=UTF-8',
32 silly get     'transfer-encoding': 'chunked',
32 silly get     connection: 'keep-alive',
32 silly get     'set-cookie': [ '__cfduid=d877c34f1dfae3674388f9c554abd6e151530399323; expires=Sun, 30-Jun-19 22:55:23 GMT; path=/; domain=.registry.npmjs.org; HttpOnly' ],
32 silly get     'cache-control': 'max-age=300',
32 silly get     'cf-cache-status': 'MISS',
32 silly get     'cf-ray': '4334385dfdea926c-EWR',
32 silly get     etag: 'W/"c88f5c6a032933923804fa43e5be39dc"',
32 silly get     'expect-ct': 'max-age=604800, report-uri="https://report-uri.cloudflare.com/cdn-cgi/beacon/expect-ct"',
32 silly get     'last-modified': 'Sun, 27 May 2018 03:38:35 GMT',
32 silly get     vary: 'accept-encoding, accept',
32 silly get     server: 'cloudflare',
32 silly get     'content-encoding': 'gzip' } ]
33 verbose get saving heatmap to /Users/maloriecasimir/.npm/registry.npmjs.org/heatmap/.cache.json
34 verbose correctMkdir /Users/maloriecasimir/.npm correctMkdir not in flight; initializing
35 silly resolveWithNewModule heatmap@0.0.5 checking installable status
36 silly cache add args [ 'heatmap@0.0.5', null ]
37 verbose cache add spec heatmap@0.0.5
38 silly cache add parsed spec Result {
38 silly cache add   raw: 'heatmap@0.0.5',
38 silly cache add   scope: null,
38 silly cache add   escapedName: 'heatmap',
38 silly cache add   name: 'heatmap',
38 silly cache add   rawSpec: '0.0.5',
38 silly cache add   spec: '0.0.5',
38 silly cache add   type: 'version' }
39 silly addNamed heatmap@0.0.5
40 verbose addNamed "0.0.5" is a plain semver version for heatmap
41 silly mapToRegistry name heatmap
42 silly mapToRegistry using default registry
43 silly mapToRegistry registry https://registry.npmjs.org/
44 silly mapToRegistry data Result {
44 silly mapToRegistry   raw: 'heatmap',
44 silly mapToRegistry   scope: null,
44 silly mapToRegistry   escapedName: 'heatmap',
44 silly mapToRegistry   name: 'heatmap',
44 silly mapToRegistry   rawSpec: '',
44 silly mapToRegistry   spec: 'latest',
44 silly mapToRegistry   type: 'tag' }
45 silly mapToRegistry uri https://registry.npmjs.org/heatmap
46 verbose addNameVersion registry:https://registry.npmjs.org/heatmap not in flight; fetching
47 verbose get https://registry.npmjs.org/heatmap not expired, no request
48 silly mapToRegistry name heatmap
49 silly mapToRegistry using default registry
50 silly mapToRegistry registry https://registry.npmjs.org/
51 silly mapToRegistry data Result {
51 silly mapToRegistry   raw: 'heatmap',
51 silly mapToRegistry   scope: null,
51 silly mapToRegistry   escapedName: 'heatmap',
51 silly mapToRegistry   name: 'heatmap',
51 silly mapToRegistry   rawSpec: '',
51 silly mapToRegistry   spec: 'latest',
51 silly mapToRegistry   type: 'tag' }
52 silly mapToRegistry uri https://registry.npmjs.org/heatmap
53 verbose addRemoteTarball https://registry.npmjs.org/heatmap/-/heatmap-0.0.5.tgz not in flight; adding
54 verbose addRemoteTarball [ 'https://registry.npmjs.org/heatmap/-/heatmap-0.0.5.tgz',
54 verbose addRemoteTarball   'de6aeda7f2e491a78eec5d26fba0bd3b79955097' ]
55 info retry fetch attempt 1 at 6:55:24 PM
56 info attempt registry request try #1 at 6:55:24 PM
57 http fetch GET https://registry.npmjs.org/heatmap/-/heatmap-0.0.5.tgz
58 http fetch 200 https://registry.npmjs.org/heatmap/-/heatmap-0.0.5.tgz
59 silly fetchAndShaCheck shasum de6aeda7f2e491a78eec5d26fba0bd3b79955097
60 verbose addTmpTarball /var/folders/wz/s7d1mr813td8l20cm8djkvcc0000gn/T/npm-5273-108de4de/registry.npmjs.org/heatmap/-/heatmap-0.0.5.tgz not in flight; adding
61 verbose addTmpTarball already have metadata; skipping unpack for heatmap@0.0.5
62 verbose correctMkdir /Users/maloriecasimir/.npm correctMkdir not in flight; initializing
63 silly cache afterAdd heatmap@0.0.5
64 verbose afterAdd /Users/maloriecasimir/.npm/heatmap/0.0.5/package/package.json not in flight; writing
65 verbose correctMkdir /Users/maloriecasimir/.npm correctMkdir not in flight; initializing
66 verbose afterAdd /Users/maloriecasimir/.npm/heatmap/0.0.5/package/package.json written
67 silly fetchNamedPackageData color-convert
68 silly mapToRegistry name color-convert
69 silly mapToRegistry using default registry
70 silly mapToRegistry registry https://registry.npmjs.org/
71 silly mapToRegistry data Result {
71 silly mapToRegistry   raw: 'color-convert',
71 silly mapToRegistry   scope: null,
71 silly mapToRegistry   escapedName: 'color-convert',
71 silly mapToRegistry   name: 'color-convert',
71 silly mapToRegistry   rawSpec: '',
71 silly mapToRegistry   spec: 'latest',
71 silly mapToRegistry   type: 'tag' }
72 silly mapToRegistry uri https://registry.npmjs.org/color-convert
73 silly fetchNamedPackageData canvas
74 silly mapToRegistry name canvas
75 silly mapToRegistry using default registry
76 silly mapToRegistry registry https://registry.npmjs.org/
77 silly mapToRegistry data Result {
77 silly mapToRegistry   raw: 'canvas',
77 silly mapToRegistry   scope: null,
77 silly mapToRegistry   escapedName: 'canvas',
77 silly mapToRegistry   name: 'canvas',
77 silly mapToRegistry   rawSpec: '',
77 silly mapToRegistry   spec: 'latest',
77 silly mapToRegistry   type: 'tag' }
78 silly mapToRegistry uri https://registry.npmjs.org/canvas
79 verbose request uri https://registry.npmjs.org/color-convert
80 verbose request no auth needed
81 info attempt registry request try #1 at 6:55:24 PM
82 http request GET https://registry.npmjs.org/color-convert
83 verbose request uri https://registry.npmjs.org/canvas
84 verbose request no auth needed
85 info attempt registry request try #1 at 6:55:24 PM
86 http request GET https://registry.npmjs.org/canvas
87 http 200 https://registry.npmjs.org/color-convert
88 verbose headers { date: 'Sat, 30 Jun 2018 22:55:24 GMT',
88 verbose headers   'content-type': 'application/json; charset=UTF-8',
88 verbose headers   'transfer-encoding': 'chunked',
88 verbose headers   connection: 'keep-alive',
88 verbose headers   'set-cookie': [ '__cfduid=d475dd3a08496d06192a62961ef2005611530399324; expires=Sun, 30-Jun-19 22:55:24 GMT; path=/; domain=.registry.npmjs.org; HttpOnly' ],
88 verbose headers   'cache-control': 'max-age=300',
88 verbose headers   'cf-cache-status': 'HIT',
88 verbose headers   'cf-ray': '433438639d03926c-EWR',
88 verbose headers   etag: 'W/"e50a7ef87d9a2572f8cebd6059e9a5da"',
88 verbose headers   'expect-ct': 'max-age=604800, report-uri="https://report-uri.cloudflare.com/cdn-cgi/beacon/expect-ct"',
88 verbose headers   'last-modified': 'Tue, 12 Jun 2018 01:22:17 GMT',
88 verbose headers   vary: 'accept-encoding, accept',
88 verbose headers   server: 'cloudflare',
88 verbose headers   'content-encoding': 'gzip' }
89 silly get cb [ 200,
89 silly get   { date: 'Sat, 30 Jun 2018 22:55:24 GMT',
89 silly get     'content-type': 'application/json; charset=UTF-8',
89 silly get     'transfer-encoding': 'chunked',
89 silly get     connection: 'keep-alive',
89 silly get     'set-cookie': [ '__cfduid=d475dd3a08496d06192a62961ef2005611530399324; expires=Sun, 30-Jun-19 22:55:24 GMT; path=/; domain=.registry.npmjs.org; HttpOnly' ],
89 silly get     'cache-control': 'max-age=300',
89 silly get     'cf-cache-status': 'HIT',
89 silly get     'cf-ray': '433438639d03926c-EWR',
89 silly get     etag: 'W/"e50a7ef87d9a2572f8cebd6059e9a5da"',
89 silly get     'expect-ct': 'max-age=604800, report-uri="https://report-uri.cloudflare.com/cdn-cgi/beacon/expect-ct"',
89 silly get     'last-modified': 'Tue, 12 Jun 2018 01:22:17 GMT',
89 silly get     vary: 'accept-encoding, accept',
89 silly get     server: 'cloudflare',
89 silly get     'content-encoding': 'gzip' } ]
90 verbose get saving color-convert to /Users/maloriecasimir/.npm/registry.npmjs.org/color-convert/.cache.json
91 verbose correctMkdir /Users/maloriecasimir/.npm correctMkdir not in flight; initializing
92 silly resolveWithNewModule color-convert@0.2.1 checking installable status
93 silly cache add args [ 'color-convert@0.2.x', null ]
94 verbose cache add spec color-convert@0.2.x
95 silly cache add parsed spec Result {
95 silly cache add   raw: 'color-convert@0.2.x',
95 silly cache add   scope: null,
95 silly cache add   escapedName: 'color-convert',
95 silly cache add   name: 'color-convert',
95 silly cache add   rawSpec: '0.2.x',
95 silly cache add   spec: '>=0.2.0 <0.3.0',
95 silly cache add   type: 'range' }
96 silly addNamed color-convert@>=0.2.0 <0.3.0
97 verbose addNamed ">=0.2.0 <0.3.0" is a valid semver range for color-convert
98 silly addNameRange { name: 'color-convert',
98 silly addNameRange   range: '>=0.2.0 <0.3.0',
98 silly addNameRange   hasData: false }
99 silly mapToRegistry name color-convert
100 silly mapToRegistry using default registry
101 silly mapToRegistry registry https://registry.npmjs.org/
102 silly mapToRegistry data Result {
102 silly mapToRegistry   raw: 'color-convert',
102 silly mapToRegistry   scope: null,
102 silly mapToRegistry   escapedName: 'color-convert',
102 silly mapToRegistry   name: 'color-convert',
102 silly mapToRegistry   rawSpec: '',
102 silly mapToRegistry   spec: 'latest',
102 silly mapToRegistry   type: 'tag' }
103 silly mapToRegistry uri https://registry.npmjs.org/color-convert
104 verbose addNameRange registry:https://registry.npmjs.org/color-convert not in flight; fetching
105 verbose get https://registry.npmjs.org/color-convert not expired, no request
106 silly addNameRange number 2 { name: 'color-convert', range: '>=0.2.0 <0.3.0', hasData: true }
107 silly addNameRange versions [ 'color-convert',
107 silly addNameRange   [ '0.1.0',
107 silly addNameRange     '0.2.0',
107 silly addNameRange     '0.2.1',
107 silly addNameRange     '0.3.0',
107 silly addNameRange     '0.3.1',
107 silly addNameRange     '0.3.4',
107 silly addNameRange     '0.4.0',
107 silly addNameRange     '0.5.0',
107 silly addNameRange     '0.5.1',
107 silly addNameRange     '0.5.2',
107 silly addNameRange     '0.5.3',
107 silly addNameRange     '0.6.0',
107 silly addNameRange     '0.7.0',
107 silly addNameRange     '1.0.0',
107 silly addNameRange     '1.1.0',
107 silly addNameRange     '1.1.1',
107 silly addNameRange     '1.1.2',
107 silly addNameRange     '1.2.0',
107 silly addNameRange     '1.2.1',
107 silly addNameRange     '1.2.2',
107 silly addNameRange     '1.3.0',
107 silly addNameRange     '1.3.1',
107 silly addNameRange     '1.4.0',
107 silly addNameRange     '1.5.0',
107 silly addNameRange     '1.6.0',
107 silly addNameRange     '1.7.0',
107 silly addNameRange     '1.8.0',
107 silly addNameRange     '1.8.1',
107 silly addNameRange     '1.8.2',
107 silly addNameRange     '1.9.0',
107 silly addNameRange     '1.9.1',
107 silly addNameRange     '1.9.2' ] ]
108 silly addNamed color-convert@0.2.1
109 verbose addNamed "0.2.1" is a plain semver version for color-convert
110 silly mapToRegistry name color-convert
111 silly mapToRegistry using default registry
112 silly mapToRegistry registry https://registry.npmjs.org/
113 silly mapToRegistry data Result {
113 silly mapToRegistry   raw: 'color-convert',
113 silly mapToRegistry   scope: null,
113 silly mapToRegistry   escapedName: 'color-convert',
113 silly mapToRegistry   name: 'color-convert',
113 silly mapToRegistry   rawSpec: '',
113 silly mapToRegistry   spec: 'latest',
113 silly mapToRegistry   type: 'tag' }
114 silly mapToRegistry uri https://registry.npmjs.org/color-convert
115 verbose addRemoteTarball https://registry.npmjs.org/color-convert/-/color-convert-0.2.1.tgz not in flight; adding
116 verbose addRemoteTarball [ 'https://registry.npmjs.org/color-convert/-/color-convert-0.2.1.tgz',
116 verbose addRemoteTarball   '363cab23c94b31a0d64db71048b8c6a940f8c68c' ]
117 info retry fetch attempt 1 at 6:55:24 PM
118 info attempt registry request try #1 at 6:55:24 PM
119 http fetch GET https://registry.npmjs.org/color-convert/-/color-convert-0.2.1.tgz
120 http 200 https://registry.npmjs.org/canvas
121 verbose headers { date: 'Sat, 30 Jun 2018 22:55:24 GMT',
121 verbose headers   'content-type': 'application/json; charset=UTF-8',
121 verbose headers   'transfer-encoding': 'chunked',
121 verbose headers   connection: 'keep-alive',
121 verbose headers   'set-cookie': [ '__cfduid=d475dd3a08496d06192a62961ef2005611530399324; expires=Sun, 30-Jun-19 22:55:24 GMT; path=/; domain=.registry.npmjs.org; HttpOnly' ],
121 verbose headers   'cache-control': 'max-age=300',
121 verbose headers   'cf-cache-status': 'HIT',
121 verbose headers   'cf-ray': '43343863ad16926c-EWR',
121 verbose headers   etag: 'W/"4145e488dd9c3a4eeb247fb2ce3bf010"',
121 verbose headers   'expect-ct': 'max-age=604800, report-uri="https://report-uri.cloudflare.com/cdn-cgi/beacon/expect-ct"',
121 verbose headers   'last-modified': 'Sat, 26 May 2018 19:23:01 GMT',
121 verbose headers   vary: 'accept-encoding, accept',
121 verbose headers   server: 'cloudflare',
121 verbose headers   'content-encoding': 'gzip' }
122 silly get cb [ 200,
122 silly get   { date: 'Sat, 30 Jun 2018 22:55:24 GMT',
122 silly get     'content-type': 'application/json; charset=UTF-8',
122 silly get     'transfer-encoding': 'chunked',
122 silly get     connection: 'keep-alive',
122 silly get     'set-cookie': [ '__cfduid=d475dd3a08496d06192a62961ef2005611530399324; expires=Sun, 30-Jun-19 22:55:24 GMT; path=/; domain=.registry.npmjs.org; HttpOnly' ],
122 silly get     'cache-control': 'max-age=300',
122 silly get     'cf-cache-status': 'HIT',
122 silly get     'cf-ray': '43343863ad16926c-EWR',
122 silly get     etag: 'W/"4145e488dd9c3a4eeb247fb2ce3bf010"',
122 silly get     'expect-ct': 'max-age=604800, report-uri="https://report-uri.cloudflare.com/cdn-cgi/beacon/expect-ct"',
122 silly get     'last-modified': 'Sat, 26 May 2018 19:23:01 GMT',
122 silly get     vary: 'accept-encoding, accept',
122 silly get     server: 'cloudflare',
122 silly get     'content-encoding': 'gzip' } ]
123 verbose get saving canvas to /Users/maloriecasimir/.npm/registry.npmjs.org/canvas/.cache.json
124 verbose correctMkdir /Users/maloriecasimir/.npm correctMkdir not in flight; initializing
125 silly resolveWithNewModule canvas@1.0.4 checking installable status
126 silly cache add args [ 'canvas@1.0.x', null ]
127 verbose cache add spec canvas@1.0.x
128 silly cache add parsed spec Result {
128 silly cache add   raw: 'canvas@1.0.x',
128 silly cache add   scope: null,
128 silly cache add   escapedName: 'canvas',
128 silly cache add   name: 'canvas',
128 silly cache add   rawSpec: '1.0.x',
128 silly cache add   spec: '>=1.0.0 <1.1.0',
128 silly cache add   type: 'range' }
129 silly addNamed canvas@>=1.0.0 <1.1.0
130 verbose addNamed ">=1.0.0 <1.1.0" is a valid semver range for canvas
131 silly addNameRange { name: 'canvas', range: '>=1.0.0 <1.1.0', hasData: false }
132 silly mapToRegistry name canvas
133 silly mapToRegistry using default registry
134 silly mapToRegistry registry https://registry.npmjs.org/
135 silly mapToRegistry data Result {
135 silly mapToRegistry   raw: 'canvas',
135 silly mapToRegistry   scope: null,
135 silly mapToRegistry   escapedName: 'canvas',
135 silly mapToRegistry   name: 'canvas',
135 silly mapToRegistry   rawSpec: '',
135 silly mapToRegistry   spec: 'latest',
135 silly mapToRegistry   type: 'tag' }
136 silly mapToRegistry uri https://registry.npmjs.org/canvas
137 verbose addNameRange registry:https://registry.npmjs.org/canvas not in flight; fetching
138 verbose get https://registry.npmjs.org/canvas not expired, no request
139 silly addNameRange number 2 { name: 'canvas', range: '>=1.0.0 <1.1.0', hasData: true }
140 silly addNameRange versions [ 'canvas',
140 silly addNameRange   [ '0.0.1',
140 silly addNameRange     '0.0.2',
140 silly addNameRange     '0.0.3',
140 silly addNameRange     '0.0.4',
140 silly addNameRange     '0.0.5',
140 silly addNameRange     '0.0.6',
140 silly addNameRange     '0.0.7',
140 silly addNameRange     '0.0.8',
140 silly addNameRange     '0.1.0',
140 silly addNameRange     '0.2.0',
140 silly addNameRange     '0.2.1',
140 silly addNameRange     '0.3.0',
140 silly addNameRange     '0.3.1',
140 silly addNameRange     '0.3.2',
140 silly addNameRange     '0.3.3',
140 silly addNameRange     '0.4.0',
140 silly addNameRange     '0.4.1',
140 silly addNameRange     '0.4.2',
140 silly addNameRange     '0.4.3',
140 silly addNameRange     '0.5.0',
140 silly addNameRange     '0.5.1',
140 silly addNameRange     '0.5.2',
140 silly addNameRange     '0.5.3',
140 silly addNameRange     '0.5.4',
140 silly addNameRange     '0.6.0',
140 silly addNameRange     '0.7.0',
140 silly addNameRange     '0.7.1',
140 silly addNameRange     '0.7.2',
140 silly addNameRange     '0.7.3',
140 silly addNameRange     '0.8.0',
140 silly addNameRange     '0.8.1',
140 silly addNameRange     '0.8.2',
140 silly addNameRange     '0.8.3',
140 silly addNameRange     '0.9.0',
140 silly addNameRange     '0.10.0',
140 silly addNameRange     '0.10.1',
140 silly addNameRange     '0.10.2',
140 silly addNameRange     '0.10.3',
140 silly addNameRange     '0.11.0',
140 silly addNameRange     '0.11.1',
140 silly addNameRange     '0.11.2',
140 silly addNameRange     '0.11.3',
140 silly addNameRange     '0.12.0',
140 silly addNameRange     '0.12.1',
140 silly addNameRange     '0.13.0',
140 silly addNameRange     '0.13.1',
140 silly addNameRange     '1.0.0',
140 silly addNameRange     '1.0.1',
140 silly addNameRange     '1.0.2',
140 silly addNameRange     '1.0.3',
140 silly addNameRange     '1.0.4',
140 silly addNameRange     '1.1.0',
140 silly addNameRange     '1.1.1',
140 silly addNameRange     '1.1.2',
140 silly addNameRange     '1.1.3',
140 silly addNameRange     '1.1.4',
140 silly addNameRange     '1.1.5',
140 silly addNameRange     '1.1.6',
140 silly addNameRange     '1.2.0',
140 silly addNameRange     '1.2.1',
140 silly addNameRange     '1.2.2',
140 silly addNameRange     '1.2.3',
140 silly addNameRange     '1.2.4',
140 silly addNameRange     '1.2.5',
140 silly addNameRange     '1.2.6',
140 silly addNameRange     '1.2.7',
140 silly addNameRange     '1.2.8',
140 silly addNameRange     '1.2.9',
140 silly addNameRange     '1.2.10',
140 silly addNameRange     '1.2.11',
140 silly addNameRange     '1.3.0',
140 silly addNameRange     '1.3.1',
140 silly addNameRange     '1.3.2',
140 silly addNameRange     '1.3.3',
140 silly addNameRange     '1.3.4',
140 silly addNameRange     '1.3.5',
140 silly addNameRange     '1.3.6',
140 silly addNameRange     '1.3.7',
140 silly addNameRange     '1.3.8',
140 silly addNameRange     '1.3.9',
140 silly addNameRange     '1.3.10',
140 silly addNameRange     '1.3.11',
140 silly addNameRange     '1.3.12',
140 silly addNameRange     '1.3.13',
140 silly addNameRange     '1.3.14',
140 silly addNameRange     '1.3.15',
140 silly addNameRange     '1.3.16',
140 silly addNameRange     '1.4.0',
140 silly addNameRange     '1.5.0',
140 silly addNameRange     '1.6.0',
140 silly addNameRange     '1.6.1',
140 silly addNameRange     '1.6.2',
140 silly addNameRange     '1.6.3',
140 silly addNameRange     '1.6.4',
140 silly addNameRange     '1.6.5',
140 silly addNameRange     '2.0.0-alpha.1',
140 silly addNameRange     '2.0.0-alpha.2',
140 silly addNameRange     '1.6.6',
140 silly addNameRange     '2.0.0-alpha.3',
140 silly addNameRange     '2.0.0-alpha.4',
140 silly addNameRange     ... 13 more items ] ]
141 silly addNamed canvas@1.0.4
142 verbose addNamed "1.0.4" is a plain semver version for canvas
143 http fetch 200 https://registry.npmjs.org/color-convert/-/color-convert-0.2.1.tgz
144 silly mapToRegistry name canvas
145 silly mapToRegistry using default registry
146 silly mapToRegistry registry https://registry.npmjs.org/
147 silly mapToRegistry data Result {
147 silly mapToRegistry   raw: 'canvas',
147 silly mapToRegistry   scope: null,
147 silly mapToRegistry   escapedName: 'canvas',
147 silly mapToRegistry   name: 'canvas',
147 silly mapToRegistry   rawSpec: '',
147 silly mapToRegistry   spec: 'latest',
147 silly mapToRegistry   type: 'tag' }
148 silly mapToRegistry uri https://registry.npmjs.org/canvas
149 verbose addRemoteTarball https://registry.npmjs.org/canvas/-/canvas-1.0.4.tgz not in flight; adding
150 verbose addRemoteTarball [ 'https://registry.npmjs.org/canvas/-/canvas-1.0.4.tgz',
150 verbose addRemoteTarball   'e17c9eef9e7ffc2df0d03e02761e5ef31d694c46' ]
151 info retry fetch attempt 1 at 6:55:24 PM
152 info attempt registry request try #1 at 6:55:24 PM
153 http fetch GET https://registry.npmjs.org/canvas/-/canvas-1.0.4.tgz
154 silly fetchAndShaCheck shasum 363cab23c94b31a0d64db71048b8c6a940f8c68c
155 verbose addTmpTarball /var/folders/wz/s7d1mr813td8l20cm8djkvcc0000gn/T/npm-5273-108de4de/registry.npmjs.org/color-convert/-/color-convert-0.2.1.tgz not in flight; adding
156 verbose addTmpTarball already have metadata; skipping unpack for color-convert@0.2.1
157 verbose correctMkdir /Users/maloriecasimir/.npm correctMkdir not in flight; initializing
158 silly cache afterAdd color-convert@0.2.1
159 verbose afterAdd /Users/maloriecasimir/.npm/color-convert/0.2.1/package/package.json not in flight; writing
160 verbose correctMkdir /Users/maloriecasimir/.npm correctMkdir not in flight; initializing
161 verbose afterAdd /Users/maloriecasimir/.npm/color-convert/0.2.1/package/package.json written
162 http fetch 200 https://registry.npmjs.org/canvas/-/canvas-1.0.4.tgz
163 silly fetchAndShaCheck shasum e17c9eef9e7ffc2df0d03e02761e5ef31d694c46
164 verbose addTmpTarball /var/folders/wz/s7d1mr813td8l20cm8djkvcc0000gn/T/npm-5273-108de4de/registry.npmjs.org/canvas/-/canvas-1.0.4.tgz not in flight; adding
165 verbose addTmpTarball already have metadata; skipping unpack for canvas@1.0.4
166 verbose correctMkdir /Users/maloriecasimir/.npm correctMkdir not in flight; initializing
167 silly cache afterAdd canvas@1.0.4
168 verbose afterAdd /Users/maloriecasimir/.npm/canvas/1.0.4/package/package.json not in flight; writing
169 verbose correctMkdir /Users/maloriecasimir/.npm correctMkdir not in flight; initializing
170 verbose afterAdd /Users/maloriecasimir/.npm/canvas/1.0.4/package/package.json written
171 silly loadAllDepsIntoIdealTree Finishing
172 silly loadIdealTree Finishing
173 silly currentTree immigration_heatmap@
173 silly currentTree ├── acorn-dynamic-import@3.0.0
173 silly currentTree ├── acorn-node@1.5.2
173 silly currentTree ├── acorn@5.7.1
173 silly currentTree ├── array-filter@0.0.1
173 silly currentTree ├── array-map@0.0.0
173 silly currentTree ├── array-reduce@0.0.0
173 silly currentTree ├── asn1.js@4.10.1
173 silly currentTree ├─┬ assert@1.4.1
173 silly currentTree │ ├── inherits@2.0.1
173 silly currentTree │ └── util@0.10.3
173 silly currentTree ├── async@1.5.2
173 silly currentTree ├── balanced-match@1.0.0
173 silly currentTree ├── base64-js@1.3.0
173 silly currentTree ├── bn.js@4.11.8
173 silly currentTree ├── brace-expansion@1.1.11
173 silly currentTree ├── brorand@1.1.0
173 silly currentTree ├── browser-pack@6.1.0
173 silly currentTree ├─┬ browser-resolve@1.11.3
173 silly currentTree │ └── resolve@1.1.7
173 silly currentTree ├── browserify-aes@1.2.0
173 silly currentTree ├── browserify-cache-api@3.0.1
173 silly currentTree ├── browserify-cipher@1.0.1
173 silly currentTree ├── browserify-des@1.0.1
173 silly currentTree ├─┬ browserify-incremental@3.1.1
173 silly currentTree │ ├── jsonparse@0.0.5
173 silly currentTree │ └── JSONStream@0.10.0
173 silly currentTree ├── browserify-rsa@4.0.1
173 silly currentTree ├── browserify-sign@4.0.4
173 silly currentTree ├── browserify-zlib@0.2.0
173 silly currentTree ├── browserify@14.5.0
173 silly currentTree ├── buffer-from@1.1.0
173 silly currentTree ├── buffer-xor@1.0.3
173 silly currentTree ├── buffer@5.1.0
173 silly currentTree ├── builtin-status-codes@3.0.0
173 silly currentTree ├── cached-path-relative@1.0.1
173 silly currentTree ├── cipher-base@1.0.4
173 silly currentTree ├── combine-source-map@0.8.0
173 silly currentTree ├── concat-map@0.0.1
173 silly currentTree ├─┬ concat-stream@1.5.2
173 silly currentTree │ ├── process-nextick-args@1.0.7
173 silly currentTree │ ├── readable-stream@2.0.6
173 silly currentTree │ └── string_decoder@0.10.31
173 silly currentTree ├── console-browserify@1.1.0
173 silly currentTree ├── constants-browserify@1.0.0
173 silly currentTree ├── convert-source-map@1.1.3
173 silly currentTree ├── core-util-is@1.0.2
173 silly currentTree ├── create-ecdh@4.0.3
173 silly currentTree ├── create-hash@1.2.0
173 silly currentTree ├── create-hmac@1.1.7
173 silly currentTree ├── crypto-browserify@3.12.0
173 silly currentTree ├── date-now@0.1.4
173 silly currentTree ├── defined@1.0.0
173 silly currentTree ├── deps-sort@2.0.0
173 silly currentTree ├── des.js@1.0.0
173 silly currentTree ├── detective@4.7.1
173 silly currentTree ├── diffie-hellman@5.0.3
173 silly currentTree ├── domain-browser@1.1.7
173 silly currentTree ├── duplexer2@0.1.4
173 silly currentTree ├── elliptic@6.4.0
173 silly currentTree ├── events@1.1.1
173 silly currentTree ├── evp_bytestokey@1.0.3
173 silly currentTree ├── fs.realpath@1.0.0
173 silly currentTree ├── function-bind@1.1.1
173 silly currentTree ├── get-assigned-identifiers@1.2.0
173 silly currentTree ├── glob@7.1.2
173 silly currentTree ├── has@1.0.3
173 silly currentTree ├── hash-base@3.0.4
173 silly currentTree ├── hash.js@1.1.4
173 silly currentTree ├── heatmap.js@2.0.5
173 silly currentTree ├── hmac-drbg@1.0.1
173 silly currentTree ├── htmlescape@1.1.1
173 silly currentTree ├── https-browserify@1.0.0
173 silly currentTree ├── ieee754@1.1.12
173 silly currentTree ├── indexof@0.0.1
173 silly currentTree ├── inflight@1.0.6
173 silly currentTree ├── inherits@2.0.3
173 silly currentTree ├── inline-source-map@0.6.2
173 silly currentTree ├─┬ insert-module-globals@7.2.0
173 silly currentTree │ └── concat-stream@1.6.2
173 silly currentTree ├── is-buffer@1.1.6
173 silly currentTree ├── isarray@1.0.0
173 silly currentTree ├── json-stable-stringify@0.0.1
173 silly currentTree ├── jsonify@0.0.0
173 silly currentTree ├── jsonparse@1.3.1
173 silly currentTree ├── JSONStream@1.3.3
173 silly currentTree ├─┬ labeled-stream-splicer@2.0.1
173 silly currentTree │ └── isarray@2.0.4
173 silly currentTree ├── lodash.memoize@3.0.4
173 silly currentTree ├── md5.js@1.3.4
173 silly currentTree ├── miller-rabin@4.0.1
173 silly currentTree ├── minimalistic-assert@1.0.1
173 silly currentTree ├── minimalistic-crypto-utils@1.0.1
173 silly currentTree ├── minimatch@3.0.4
173 silly currentTree ├── minimist@1.2.0
173 silly currentTree ├── module-deps@4.1.1
173 silly currentTree ├── once@1.4.0
173 silly currentTree ├── os-browserify@0.3.0
173 silly currentTree ├── pako@1.0.6
173 silly currentTree ├── parents@1.0.1
173 silly currentTree ├── parse-asn1@5.1.1
173 silly currentTree ├── path-browserify@0.0.1
173 silly currentTree ├── path-is-absolute@1.0.1
173 silly currentTree ├── path-parse@1.0.5
173 silly currentTree ├── path-platform@0.11.15
173 silly currentTree ├── pbkdf2@3.0.16
173 silly currentTree ├── process-nextick-args@2.0.0
173 silly currentTree ├── process@0.11.10
173 silly currentTree ├── public-encrypt@4.0.2
173 silly currentTree ├── punycode@1.4.1
173 silly currentTree ├── querystring-es3@0.2.1
173 silly currentTree ├── querystring@0.2.0
173 silly currentTree ├── randombytes@2.0.6
173 silly currentTree ├── randomfill@1.0.4
173 silly currentTree ├── read-only-stream@2.0.0
173 silly currentTree ├─┬ readable-stream@2.3.6
173 silly currentTree │ └── string_decoder@1.1.1
173 silly currentTree ├── resolve@1.8.1
173 silly currentTree ├── ripemd160@2.0.2
173 silly currentTree ├── safe-buffer@5.1.2
173 silly currentTree ├── sha.js@2.4.11
173 silly currentTree ├── shasum@1.0.2
173 silly currentTree ├── shell-quote@1.6.1
173 silly currentTree ├── simple-concat@1.0.0
173 silly currentTree ├── source-map@0.5.7
173 silly currentTree ├── stream-browserify@2.0.1
173 silly currentTree ├── stream-combiner2@1.1.1
173 silly currentTree ├── stream-http@2.8.3
173 silly currentTree ├── stream-splicer@2.0.0
173 silly currentTree ├── string_decoder@1.0.3
173 silly currentTree ├── subarg@1.0.0
173 silly currentTree ├── syntax-error@1.4.0
173 silly currentTree ├── through@2.3.8
173 silly currentTree ├── through2@2.0.3
173 silly currentTree ├── timers-browserify@1.4.2
173 silly currentTree ├── to-arraybuffer@1.0.1
173 silly currentTree ├── tty-browserify@0.0.1
173 silly currentTree ├── typedarray@0.0.6
173 silly currentTree ├── umd@3.0.3
173 silly currentTree ├── undeclared-identifiers@1.1.2
173 silly currentTree ├─┬ url@0.11.0
173 silly currentTree │ └── punycode@1.3.2
173 silly currentTree ├── util-deprecate@1.0.2
173 silly currentTree ├── util@0.10.4
173 silly currentTree ├── vm-browserify@0.0.4
173 silly currentTree ├── wrappy@1.0.2
173 silly currentTree └── xtend@4.0.1
174 silly idealTree immigration_heatmap@
174 silly idealTree ├── acorn-dynamic-import@3.0.0
174 silly idealTree ├── acorn-node@1.5.2
174 silly idealTree ├── acorn@5.7.1
174 silly idealTree ├── array-filter@0.0.1
174 silly idealTree ├── array-map@0.0.0
174 silly idealTree ├── array-reduce@0.0.0
174 silly idealTree ├── asn1.js@4.10.1
174 silly idealTree ├─┬ assert@1.4.1
174 silly idealTree │ ├── inherits@2.0.1
174 silly idealTree │ └── util@0.10.3
174 silly idealTree ├── async@1.5.2
174 silly idealTree ├── balanced-match@1.0.0
174 silly idealTree ├── base64-js@1.3.0
174 silly idealTree ├── bn.js@4.11.8
174 silly idealTree ├── brace-expansion@1.1.11
174 silly idealTree ├── brorand@1.1.0
174 silly idealTree ├── browser-pack@6.1.0
174 silly idealTree ├─┬ browser-resolve@1.11.3
174 silly idealTree │ └── resolve@1.1.7
174 silly idealTree ├── browserify-aes@1.2.0
174 silly idealTree ├── browserify-cache-api@3.0.1
174 silly idealTree ├── browserify-cipher@1.0.1
174 silly idealTree ├── browserify-des@1.0.1
174 silly idealTree ├─┬ browserify-incremental@3.1.1
174 silly idealTree │ ├── jsonparse@0.0.5
174 silly idealTree │ └── JSONStream@0.10.0
174 silly idealTree ├── browserify-rsa@4.0.1
174 silly idealTree ├── browserify-sign@4.0.4
174 silly idealTree ├── browserify-zlib@0.2.0
174 silly idealTree ├── browserify@14.5.0
174 silly idealTree ├── buffer-from@1.1.0
174 silly idealTree ├── buffer-xor@1.0.3
174 silly idealTree ├── buffer@5.1.0
174 silly idealTree ├── builtin-status-codes@3.0.0
174 silly idealTree ├── cached-path-relative@1.0.1
174 silly idealTree ├── canvas@1.0.4
174 silly idealTree ├── cipher-base@1.0.4
174 silly idealTree ├── color-convert@0.2.1
174 silly idealTree ├── combine-source-map@0.8.0
174 silly idealTree ├── concat-map@0.0.1
174 silly idealTree ├─┬ concat-stream@1.5.2
174 silly idealTree │ ├── process-nextick-args@1.0.7
174 silly idealTree │ ├── readable-stream@2.0.6
174 silly idealTree │ └── string_decoder@0.10.31
174 silly idealTree ├── console-browserify@1.1.0
174 silly idealTree ├── constants-browserify@1.0.0
174 silly idealTree ├── convert-source-map@1.1.3
174 silly idealTree ├── core-util-is@1.0.2
174 silly idealTree ├── create-ecdh@4.0.3
174 silly idealTree ├── create-hash@1.2.0
174 silly idealTree ├── create-hmac@1.1.7
174 silly idealTree ├── crypto-browserify@3.12.0
174 silly idealTree ├── date-now@0.1.4
174 silly idealTree ├── defined@1.0.0
174 silly idealTree ├── deps-sort@2.0.0
174 silly idealTree ├── des.js@1.0.0
174 silly idealTree ├── detective@4.7.1
174 silly idealTree ├── diffie-hellman@5.0.3
174 silly idealTree ├── domain-browser@1.1.7
174 silly idealTree ├── duplexer2@0.1.4
174 silly idealTree ├── elliptic@6.4.0
174 silly idealTree ├── events@1.1.1
174 silly idealTree ├── evp_bytestokey@1.0.3
174 silly idealTree ├── fs.realpath@1.0.0
174 silly idealTree ├── function-bind@1.1.1
174 silly idealTree ├── get-assigned-identifiers@1.2.0
174 silly idealTree ├── glob@7.1.2
174 silly idealTree ├── has@1.0.3
174 silly idealTree ├── hash-base@3.0.4
174 silly idealTree ├── hash.js@1.1.4
174 silly idealTree ├── heatmap.js@2.0.5
174 silly idealTree ├── heatmap@0.0.5
174 silly idealTree ├── hmac-drbg@1.0.1
174 silly idealTree ├── htmlescape@1.1.1
174 silly idealTree ├── https-browserify@1.0.0
174 silly idealTree ├── ieee754@1.1.12
174 silly idealTree ├── indexof@0.0.1
174 silly idealTree ├── inflight@1.0.6
174 silly idealTree ├── inherits@2.0.3
174 silly idealTree ├── inline-source-map@0.6.2
174 silly idealTree ├─┬ insert-module-globals@7.2.0
174 silly idealTree │ └── concat-stream@1.6.2
174 silly idealTree ├── is-buffer@1.1.6
174 silly idealTree ├── isarray@1.0.0
174 silly idealTree ├── json-stable-stringify@0.0.1
174 silly idealTree ├── jsonify@0.0.0
174 silly idealTree ├── jsonparse@1.3.1
174 silly idealTree ├── JSONStream@1.3.3
174 silly idealTree ├─┬ labeled-stream-splicer@2.0.1
174 silly idealTree │ └── isarray@2.0.4
174 silly idealTree ├── lodash.memoize@3.0.4
174 silly idealTree ├── md5.js@1.3.4
174 silly idealTree ├── miller-rabin@4.0.1
174 silly idealTree ├── minimalistic-assert@1.0.1
174 silly idealTree ├── minimalistic-crypto-utils@1.0.1
174 silly idealTree ├── minimatch@3.0.4
174 silly idealTree ├── minimist@1.2.0
174 silly idealTree ├── module-deps@4.1.1
174 silly idealTree ├── once@1.4.0
174 silly idealTree ├── os-browserify@0.3.0
174 silly idealTree ├── pako@1.0.6
174 silly idealTree ├── parents@1.0.1
174 silly idealTree ├── parse-asn1@5.1.1
174 silly idealTree ├── path-browserify@0.0.1
174 silly idealTree ├── path-is-absolute@1.0.1
174 silly idealTree ├── path-parse@1.0.5
174 silly idealTree ├── path-platform@0.11.15
174 silly idealTree ├── pbkdf2@3.0.16
174 silly idealTree ├── process-nextick-args@2.0.0
174 silly idealTree ├── process@0.11.10
174 silly idealTree ├── public-encrypt@4.0.2
174 silly idealTree ├── punycode@1.4.1
174 silly idealTree ├── querystring-es3@0.2.1
174 silly idealTree ├── querystring@0.2.0
174 silly idealTree ├── randombytes@2.0.6
174 silly idealTree ├── randomfill@1.0.4
174 silly idealTree ├── read-only-stream@2.0.0
174 silly idealTree ├─┬ readable-stream@2.3.6
174 silly idealTree │ └── string_decoder@1.1.1
174 silly idealTree ├── resolve@1.8.1
174 silly idealTree ├── ripemd160@2.0.2
174 silly idealTree ├── safe-buffer@5.1.2
174 silly idealTree ├── sha.js@2.4.11
174 silly idealTree ├── shasum@1.0.2
174 silly idealTree ├── shell-quote@1.6.1
174 silly idealTree ├── simple-concat@1.0.0
174 silly idealTree ├── source-map@0.5.7
174 silly idealTree ├── stream-browserify@2.0.1
174 silly idealTree ├── stream-combiner2@1.1.1
174 silly idealTree ├── stream-http@2.8.3
174 silly idealTree ├── stream-splicer@2.0.0
174 silly idealTree ├── string_decoder@1.0.3
174 silly idealTree ├── subarg@1.0.0
174 silly idealTree ├── syntax-error@1.4.0
174 silly idealTree ├── through@2.3.8
174 silly idealTree ├── through2@2.0.3
174 silly idealTree ├── timers-browserify@1.4.2
174 silly idealTree ├── to-arraybuffer@1.0.1
174 silly idealTree ├── tty-browserify@0.0.1
174 silly idealTree ├── typedarray@0.0.6
174 silly idealTree ├── umd@3.0.3
174 silly idealTree ├── undeclared-identifiers@1.1.2
174 silly idealTree ├─┬ url@0.11.0
174 silly idealTree │ └── punycode@1.3.2
174 silly idealTree ├── util-deprecate@1.0.2
174 silly idealTree ├── util@0.10.4
174 silly idealTree ├── vm-browserify@0.0.4
174 silly idealTree ├── wrappy@1.0.2
174 silly idealTree └── xtend@4.0.1
175 silly generateActionsToTake Starting
176 silly install generateActionsToTake
177 silly generateActionsToTake Finishing
178 silly diffTrees action count 3
179 silly diffTrees add canvas@1.0.4
180 silly diffTrees add color-convert@0.2.1
181 silly diffTrees add heatmap@0.0.5
182 silly decomposeActions action count 24
183 silly decomposeActions fetch canvas@1.0.4
184 silly decomposeActions extract canvas@1.0.4
185 silly decomposeActions test canvas@1.0.4
186 silly decomposeActions preinstall canvas@1.0.4
187 silly decomposeActions build canvas@1.0.4
188 silly decomposeActions install canvas@1.0.4
189 silly decomposeActions postinstall canvas@1.0.4
190 silly decomposeActions finalize canvas@1.0.4
191 silly decomposeActions fetch color-convert@0.2.1
192 silly decomposeActions extract color-convert@0.2.1
193 silly decomposeActions test color-convert@0.2.1
194 silly decomposeActions preinstall color-convert@0.2.1
195 silly decomposeActions build color-convert@0.2.1
196 silly decomposeActions install color-convert@0.2.1
197 silly decomposeActions postinstall color-convert@0.2.1
198 silly decomposeActions finalize color-convert@0.2.1
199 silly decomposeActions fetch heatmap@0.0.5
200 silly decomposeActions extract heatmap@0.0.5
201 silly decomposeActions test heatmap@0.0.5
202 silly decomposeActions preinstall heatmap@0.0.5
203 silly decomposeActions build heatmap@0.0.5
204 silly decomposeActions install heatmap@0.0.5
205 silly decomposeActions postinstall heatmap@0.0.5
206 silly decomposeActions finalize heatmap@0.0.5
207 silly runTopLevelLifecycles Starting
208 silly install runPreinstallTopLevelLifecycles
209 silly preinstall immigration_heatmap@ /Users/maloriecasimir/IHM-Hackathon-Heat-Map/soot-heat-map/immigration_heatmap-c64737bd
210 info lifecycle immigration_heatmap@~preinstall: immigration_heatmap@
211 silly lifecycle immigration_heatmap@~preinstall: no script for preinstall, continuing
212 silly executeActions Starting
213 silly install executeActions
214 silly doSerial global-install 0
215 silly doParallel fetch 3
216 verbose correctMkdir /Users/maloriecasimir/.npm/_locks correctMkdir not in flight; initializing
217 verbose lock using /Users/maloriecasimir/.npm/_locks/staging-b26492e3a5d54172.lock for /Users/maloriecasimir/IHM-Hackathon-Heat-Map/soot-heat-map/node_modules/.staging
218 silly doParallel extract 3
219 silly extract canvas@1.0.4
220 silly extract color-convert@0.2.1
221 silly extract heatmap@0.0.5
222 verbose unbuild node_modules/.staging/canvas-bb6ada04
223 verbose unbuild node_modules/.staging/color-convert-dd575e3c
224 verbose unbuild node_modules/.staging/heatmap-ef26a307
225 silly gentlyRm /Users/maloriecasimir/IHM-Hackathon-Heat-Map/soot-heat-map/node_modules/.staging/canvas-bb6ada04 is being purged from base /Users/maloriecasimir/IHM-Hackathon-Heat-Map/soot-heat-map
226 verbose gentlyRm don't care about contents; nuking /Users/maloriecasimir/IHM-Hackathon-Heat-Map/soot-heat-map/node_modules/.staging/canvas-bb6ada04
227 silly gentlyRm /Users/maloriecasimir/IHM-Hackathon-Heat-Map/soot-heat-map/node_modules/.staging/color-convert-dd575e3c is being purged from base /Users/maloriecasimir/IHM-Hackathon-Heat-Map/soot-heat-map
228 verbose gentlyRm don't care about contents; nuking /Users/maloriecasimir/IHM-Hackathon-Heat-Map/soot-heat-map/node_modules/.staging/color-convert-dd575e3c
229 verbose tar unpack /Users/maloriecasimir/.npm/canvas/1.0.4/package.tgz
230 verbose tar unpacking to /Users/maloriecasimir/IHM-Hackathon-Heat-Map/soot-heat-map/node_modules/.staging/canvas-bb6ada04
231 silly gentlyRm /Users/maloriecasimir/IHM-Hackathon-Heat-Map/soot-heat-map/node_modules/.staging/canvas-bb6ada04 is being purged
232 verbose gentlyRm don't care about contents; nuking /Users/maloriecasimir/IHM-Hackathon-Heat-Map/soot-heat-map/node_modules/.staging/canvas-bb6ada04
233 verbose tar unpack /Users/maloriecasimir/.npm/color-convert/0.2.1/package.tgz
234 verbose tar unpacking to /Users/maloriecasimir/IHM-Hackathon-Heat-Map/soot-heat-map/node_modules/.staging/color-convert-dd575e3c
235 silly gentlyRm /Users/maloriecasimir/IHM-Hackathon-Heat-Map/soot-heat-map/node_modules/.staging/color-convert-dd575e3c is being purged
236 verbose gentlyRm don't care about contents; nuking /Users/maloriecasimir/IHM-Hackathon-Heat-Map/soot-heat-map/node_modules/.staging/color-convert-dd575e3c
237 silly gentlyRm /Users/maloriecasimir/IHM-Hackathon-Heat-Map/soot-heat-map/node_modules/.staging/heatmap-ef26a307 is being purged from base /Users/maloriecasimir/IHM-Hackathon-Heat-Map/soot-heat-map
238 verbose gentlyRm don't care about contents; nuking /Users/maloriecasimir/IHM-Hackathon-Heat-Map/soot-heat-map/node_modules/.staging/heatmap-ef26a307
239 silly gunzTarPerm modes [ '755', '644' ]
240 silly gunzTarPerm modes [ '755', '644' ]
241 verbose tar unpack /Users/maloriecasimir/.npm/heatmap/0.0.5/package.tgz
242 verbose tar unpacking to /Users/maloriecasimir/IHM-Hackathon-Heat-Map/soot-heat-map/node_modules/.staging/heatmap-ef26a307
243 silly gentlyRm /Users/maloriecasimir/IHM-Hackathon-Heat-Map/soot-heat-map/node_modules/.staging/heatmap-ef26a307 is being purged
244 verbose gentlyRm don't care about contents; nuking /Users/maloriecasimir/IHM-Hackathon-Heat-Map/soot-heat-map/node_modules/.staging/heatmap-ef26a307
245 silly gunzTarPerm modes [ '755', '644' ]
246 silly gunzTarPerm extractEntry package.json
247 silly gunzTarPerm extractEntry color-convert-0.2.0.js
248 silly gunzTarPerm extractEntry package.json
249 silly gunzTarPerm extractEntry .npmignore
250 silly gunzTarPerm extractEntry index.js
251 silly gunzTarPerm extractEntry index.js
252 silly gunzTarPerm extractEntry example/blob.js
253 silly gunzTarPerm extractEntry install
254 silly gunzTarPerm extractEntry History.md
255 silly gunzTarPerm extractEntry example/web/server.js
256 silly gunzTarPerm extractEntry example/web/main.js
257 silly gunzTarPerm extractEntry color-convert-0.2.0.min.js
258 silly gunzTarPerm extractEntry .gitmodules
259 silly gunzTarPerm extractEntry .travis.yml
260 silly gunzTarPerm extractEntry lib/bindings.js
261 silly gunzTarPerm extractEntry lib/canvas.js
262 silly gunzTarPerm extractEntry lib/context2d.js
263 silly gunzTarPerm extractEntry lib/image.js
264 silly gunzTarPerm extractEntry lib/jpegstream.js
265 silly gunzTarPerm extractEntry lib/pixelarray.js
266 silly gunzTarPerm extractEntry lib/pngstream.js
267 silly gunzTarPerm extractEntry Makefile
268 silly gunzTarPerm extractEntry binding.gyp
269 silly gunzTarPerm extractEntry Readme.md
270 silly gunzTarPerm extractEntry src/FontFace.cc
271 silly gunzTarPerm extractEntry src/Canvas.cc
272 silly gunzTarPerm extractEntry src/CanvasGradient.cc
273 silly gunzTarPerm extractEntry src/CanvasGradient.h
274 silly gunzTarPerm extractEntry src/CanvasPattern.cc
275 silly gunzTarPerm extractEntry src/CanvasPattern.h
276 silly gunzTarPerm extractEntry src/CanvasRenderingContext2d.cc
277 silly gunzTarPerm extractEntry src/CanvasRenderingContext2d.h
278 silly gunzTarPerm extractEntry src/closure.h
279 silly gunzTarPerm extractEntry src/color.cc
280 silly gunzTarPerm extractEntry src/color.h
281 silly gunzTarPerm extractEntry src/Canvas.h
282 silly gunzTarPerm extractEntry src/FontFace.h
283 silly gunzTarPerm extractEntry src/Image.cc
284 silly gunzTarPerm extractEntry src/Image.h
285 silly gunzTarPerm extractEntry src/ImageData.cc
286 silly gunzTarPerm extractEntry src/ImageData.h
287 silly gunzTarPerm extractEntry src/init.cc
288 silly gunzTarPerm extractEntry src/JPEGStream.h
289 silly gunzTarPerm extractEntry src/nan.h
290 silly gunzTarPerm extractEntry src/PixelArray.cc
291 silly gunzTarPerm extractEntry src/PixelArray.h
292 silly gunzTarPerm extractEntry src/Point.h
293 silly gunzTarPerm extractEntry util/cairo_include.sh
294 silly gunzTarPerm extractEntry util/has_cairo_freetype.sh
295 silly gunzTarPerm extractEntry util/has_lib.sh
296 silly gunzTarPerm extractEntry util/lib_lookup.sh
297 silly gunzTarPerm extractEntry example/web/index.html
298 silly gunzTarPerm extractEntry README.markdown
299 silly gunzTarPerm extractEntry conversions.js
300 silly gunzTarPerm extractEntry index.js
301 silly gunzTarPerm extractEntry Jakefile.js
302 silly gunzTarPerm extractEntry package.json
303 silly gunzTarPerm extractEntry README.md
304 silly gunzTarPerm extractEntry test.hml
305 silly gunzTarPerm extractEntry test/basic.js
306 silly gentlyRm /Users/maloriecasimir/IHM-Hackathon-Heat-Map/soot-heat-map/node_modules/.staging/heatmap-ef26a307/node_modules is being purged
307 verbose gentlyRm don't care about contents; nuking /Users/maloriecasimir/IHM-Hackathon-Heat-Map/soot-heat-map/node_modules/.staging/heatmap-ef26a307/node_modules
308 silly gentlyRm /Users/maloriecasimir/IHM-Hackathon-Heat-Map/soot-heat-map/node_modules/.staging/color-convert-dd575e3c/node_modules is being purged
309 verbose gentlyRm don't care about contents; nuking /Users/maloriecasimir/IHM-Hackathon-Heat-Map/soot-heat-map/node_modules/.staging/color-convert-dd575e3c/node_modules
310 silly gentlyRm /Users/maloriecasimir/IHM-Hackathon-Heat-Map/soot-heat-map/node_modules/.staging/canvas-bb6ada04/node_modules is being purged
311 verbose gentlyRm don't care about contents; nuking /Users/maloriecasimir/IHM-Hackathon-Heat-Map/soot-heat-map/node_modules/.staging/canvas-bb6ada04/node_modules
312 silly doParallel preinstall 3
313 silly preinstall canvas@1.0.4 /Users/maloriecasimir/IHM-Hackathon-Heat-Map/soot-heat-map/node_modules/.staging/canvas-bb6ada04
314 info lifecycle canvas@1.0.4~preinstall: canvas@1.0.4
315 silly preinstall color-convert@0.2.1 /Users/maloriecasimir/IHM-Hackathon-Heat-Map/soot-heat-map/node_modules/.staging/color-convert-dd575e3c
316 info lifecycle color-convert@0.2.1~preinstall: color-convert@0.2.1
317 silly preinstall heatmap@0.0.5 /Users/maloriecasimir/IHM-Hackathon-Heat-Map/soot-heat-map/node_modules/.staging/heatmap-ef26a307
318 info lifecycle heatmap@0.0.5~preinstall: heatmap@0.0.5
319 silly lifecycle canvas@1.0.4~preinstall: no script for preinstall, continuing
320 silly lifecycle color-convert@0.2.1~preinstall: no script for preinstall, continuing
321 silly lifecycle heatmap@0.0.5~preinstall: no script for preinstall, continuing
322 silly doReverseSerial remove 0
323 silly doSerial move 0
324 silly doSerial finalize 3
325 silly finalize /Users/maloriecasimir/IHM-Hackathon-Heat-Map/soot-heat-map/node_modules/canvas
326 silly finalize /Users/maloriecasimir/IHM-Hackathon-Heat-Map/soot-heat-map/node_modules/color-convert
327 silly finalize /Users/maloriecasimir/IHM-Hackathon-Heat-Map/soot-heat-map/node_modules/heatmap
328 silly doSerial build 3
329 silly build canvas@1.0.4
330 info linkStuff canvas@1.0.4
331 silly linkStuff canvas@1.0.4 has /Users/maloriecasimir/IHM-Hackathon-Heat-Map/soot-heat-map/node_modules as its parent node_modules
332 verbose linkBins canvas@1.0.4
333 verbose linkMans canvas@1.0.4
334 silly build color-convert@0.2.1
335 info linkStuff color-convert@0.2.1
336 silly linkStuff color-convert@0.2.1 has /Users/maloriecasimir/IHM-Hackathon-Heat-Map/soot-heat-map/node_modules as its parent node_modules
337 verbose linkBins color-convert@0.2.1
338 verbose linkMans color-convert@0.2.1
339 silly build heatmap@0.0.5
340 info linkStuff heatmap@0.0.5
341 silly linkStuff heatmap@0.0.5 has /Users/maloriecasimir/IHM-Hackathon-Heat-Map/soot-heat-map/node_modules as its parent node_modules
342 verbose linkBins heatmap@0.0.5
343 verbose linkMans heatmap@0.0.5
344 silly doSerial global-link 0
345 silly doParallel update-linked 0
346 silly doSerial install 3
347 silly install canvas@1.0.4 /Users/maloriecasimir/IHM-Hackathon-Heat-Map/soot-heat-map/node_modules/.staging/canvas-bb6ada04
348 info lifecycle canvas@1.0.4~install: canvas@1.0.4
349 verbose lifecycle canvas@1.0.4~install: unsafe-perm in lifecycle true
350 verbose lifecycle canvas@1.0.4~install: PATH: /Users/maloriecasimir/.nvm/versions/node/v6.11.2/lib/node_modules/npm/bin/node-gyp-bin:/Users/maloriecasimir/IHM-Hackathon-Heat-Map/soot-heat-map/node_modules/canvas/node_modules/.bin:/Users/maloriecasimir/IHM-Hackathon-Heat-Map/soot-heat-map/node_modules/.bin:/Users/maloriecasimir/.rvm/gems/ruby-2.3.3/bin:/Users/maloriecasimir/.rvm/gems/ruby-2.3.3@global/bin:/Users/maloriecasimir/.rvm/rubies/ruby-2.3.3/bin:/Users/maloriecasimir/.rvm/bin:/opt/local/bin:/opt/local/sbin:/Users/maloriecasimir/.nvm/versions/node/v6.11.2/bin:/Applications/Postgres.app/Contents/Versions/latest/bin:/usr/local:/usr/local/bin:/usr/local/sbin:/usr/bin:/usr/local/bin:/usr/bin:/bin:/usr/sbin:/sbin:/opt/local/bin:/opt/local/sbin:/Applications/Postgres.app/Contents/Versions/latest/bin:/usr/local:/usr/local/sbin
351 verbose lifecycle canvas@1.0.4~install: CWD: /Users/maloriecasimir/IHM-Hackathon-Heat-Map/soot-heat-map/node_modules/canvas
352 silly lifecycle canvas@1.0.4~install: Args: [ '-c', 'node-gyp rebuild' ]
353 silly lifecycle canvas@1.0.4~install: Returned: code: 1  signal: null
354 info lifecycle canvas@1.0.4~install: Failed to exec install script
355 verbose unlock done using /Users/maloriecasimir/.npm/_locks/staging-b26492e3a5d54172.lock for /Users/maloriecasimir/IHM-Hackathon-Heat-Map/soot-heat-map/node_modules/.staging
356 silly rollbackFailedOptional Starting
357 silly rollbackFailedOptional Finishing
358 silly runTopLevelLifecycles Finishing
359 silly install printInstalled
360 verbose stack Error: canvas@1.0.4 install: `node-gyp rebuild`
360 verbose stack Exit status 1
360 verbose stack     at EventEmitter.<anonymous> (/Users/maloriecasimir/.nvm/versions/node/v6.11.2/lib/node_modules/npm/lib/utils/lifecycle.js:255:16)
360 verbose stack     at emitTwo (events.js:106:13)
360 verbose stack     at EventEmitter.emit (events.js:191:7)
360 verbose stack     at ChildProcess.<anonymous> (/Users/maloriecasimir/.nvm/versions/node/v6.11.2/lib/node_modules/npm/lib/utils/spawn.js:40:14)
360 verbose stack     at emitTwo (events.js:106:13)
360 verbose stack     at ChildProcess.emit (events.js:191:7)
360 verbose stack     at maybeClose (internal/child_process.js:891:16)
360 verbose stack     at Process.ChildProcess._handle.onexit (internal/child_process.js:226:5)
361 verbose pkgid canvas@1.0.4
362 verbose cwd /Users/maloriecasimir/IHM-Hackathon-Heat-Map/soot-heat-map
363 error Darwin 17.3.0
364 error argv "/Users/maloriecasimir/.nvm/versions/node/v6.11.2/bin/node" "/Users/maloriecasimir/.nvm/versions/node/v6.11.2/bin/npm" "install"
365 error node v6.11.2
366 error npm  v3.10.10
367 error code ELIFECYCLE
368 error canvas@1.0.4 install: `node-gyp rebuild`
368 error Exit status 1
369 error Failed at the canvas@1.0.4 install script 'node-gyp rebuild'.
369 error Make sure you have the latest version of node.js and npm installed.
369 error If you do, this is most likely a problem with the canvas package,
369 error not with npm itself.
369 error Tell the author that this fails on your system:
369 error     node-gyp rebuild
369 error You can get information on how to open an issue for this project with:
369 error     npm bugs canvas
369 error Or if that isn't available, you can get their info via:
369 error     npm owner ls canvas
369 error There is likely additional logging output above.
370 verbose exit [ 1, true ]
